100-100-100-50-1
Start training...
Epoch 0, training accuracy:     0.5044, training loss:     0.6930, validation accuracy:     0.5395, validation loss:     0.6898
Epoch 1, training accuracy:     0.5394, training loss:     0.6849, validation accuracy:     0.6003, validation loss:     0.6686
Epoch 2, training accuracy:     0.5114, training loss:     0.6424, validation accuracy:     0.6431, validation loss:     0.6320
Epoch 3, training accuracy:     0.5075, training loss:     0.6313, validation accuracy:     0.6437, validation loss:     0.6308
Epoch 4, training accuracy:     0.5073, training loss:     0.6307, validation accuracy:     0.6439, validation loss:     0.6305
Epoch 5, training accuracy:     0.5062, training loss:     0.6305, validation accuracy:     0.6439, validation loss:     0.6303
Epoch 6, training accuracy:     0.5074, training loss:     0.6302, validation accuracy:     0.6443, validation loss:     0.6300
Epoch 7, training accuracy:     0.5079, training loss:     0.6299, validation accuracy:     0.6446, validation loss:     0.6298
Epoch 8, training accuracy:     0.5072, training loss:     0.6296, validation accuracy:     0.6447, validation loss:     0.6296
Epoch 9, training accuracy:     0.5078, training loss:     0.6293, validation accuracy:     0.6450, validation loss:     0.6293
Epoch 10, training accuracy:     0.5072, training loss:     0.6290, validation accuracy:     0.6453, validation loss:     0.6290
Epoch 11, training accuracy:     0.5075, training loss:     0.6287, validation accuracy:     0.6455, validation loss:     0.6287
Epoch 12, training accuracy:     0.5072, training loss:     0.6283, validation accuracy:     0.6458, validation loss:     0.6285
Epoch 13, training accuracy:     0.5087, training loss:     0.6280, validation accuracy:     0.6462, validation loss:     0.6281
Epoch 14, training accuracy:     0.5083, training loss:     0.6277, validation accuracy:     0.6465, validation loss:     0.6279
Epoch 15, training accuracy:     0.5075, training loss:     0.6274, validation accuracy:     0.6467, validation loss:     0.6276
Epoch 16, training accuracy:     0.5073, training loss:     0.6271, validation accuracy:     0.6467, validation loss:     0.6276
Epoch 17, training accuracy:     0.5074, training loss:     0.6269, validation accuracy:     0.6471, validation loss:     0.6273
Epoch 18, training accuracy:     0.5072, training loss:     0.6267, validation accuracy:     0.6472, validation loss:     0.6272
Epoch 19, training accuracy:     0.5078, training loss:     0.6265, validation accuracy:     0.6474, validation loss:     0.6270
Epoch 20, training accuracy:     0.5066, training loss:     0.6264, validation accuracy:     0.6475, validation loss:     0.6269
Epoch 21, training accuracy:     0.5077, training loss:     0.6262, validation accuracy:     0.6477, validation loss:     0.6267
Epoch 22, training accuracy:     0.5071, training loss:     0.6261, validation accuracy:     0.6477, validation loss:     0.6267
Epoch 23, training accuracy:     0.5071, training loss:     0.6259, validation accuracy:     0.6478, validation loss:     0.6266
Epoch 24, training accuracy:     0.5077, training loss:     0.6258, validation accuracy:     0.6478, validation loss:     0.6265
Epoch 25, training accuracy:     0.5077, training loss:     0.6257, validation accuracy:     0.6479, validation loss:     0.6265
Epoch 26, training accuracy:     0.5069, training loss:     0.6256, validation accuracy:     0.6479, validation loss:     0.6263
Epoch 27, training accuracy:     0.5072, training loss:     0.6255, validation accuracy:     0.6482, validation loss:     0.6263
Epoch 28, training accuracy:     0.5068, training loss:     0.6254, validation accuracy:     0.6483, validation loss:     0.6262
Epoch 29, training accuracy:     0.5077, training loss:     0.6253, validation accuracy:     0.6484, validation loss:     0.6261
Epoch 30, training accuracy:     0.5072, training loss:     0.6251, validation accuracy:     0.6484, validation loss:     0.6261
Epoch 31, training accuracy:     0.5076, training loss:     0.6251, validation accuracy:     0.6486, validation loss:     0.6260
Epoch 32, training accuracy:     0.5079, training loss:     0.6250, validation accuracy:     0.6487, validation loss:     0.6260
Epoch 33, training accuracy:     0.5076, training loss:     0.6250, validation accuracy:     0.6486, validation loss:     0.6259
Epoch 34, training accuracy:     0.5073, training loss:     0.6248, validation accuracy:     0.6485, validation loss:     0.6259
Epoch 35, training accuracy:     0.5072, training loss:     0.6247, validation accuracy:     0.6487, validation loss:     0.6258
Epoch 36, training accuracy:     0.5071, training loss:     0.6247, validation accuracy:     0.6488, validation loss:     0.6258
Epoch 37, training accuracy:     0.5078, training loss:     0.6246, validation accuracy:     0.6487, validation loss:     0.6257
Epoch 38, training accuracy:     0.5081, training loss:     0.6245, validation accuracy:     0.6491, validation loss:     0.6257
Epoch 39, training accuracy:     0.5076, training loss:     0.6244, validation accuracy:     0.6491, validation loss:     0.6257
Epoch 40, training accuracy:     0.5071, training loss:     0.6243, validation accuracy:     0.6489, validation loss:     0.6257
Epoch 41, training accuracy:     0.5076, training loss:     0.6243, validation accuracy:     0.6491, validation loss:     0.6256
Epoch 42, training accuracy:     0.5068, training loss:     0.6242, validation accuracy:     0.6492, validation loss:     0.6256
Epoch 43, training accuracy:     0.5061, training loss:     0.6241, validation accuracy:     0.6491, validation loss:     0.6255
Epoch 44, training accuracy:     0.5069, training loss:     0.6241, validation accuracy:     0.6491, validation loss:     0.6255
Epoch 45, training accuracy:     0.5079, training loss:     0.6240, validation accuracy:     0.6492, validation loss:     0.6254
Epoch 46, training accuracy:     0.5071, training loss:     0.6239, validation accuracy:     0.6492, validation loss:     0.6254
Epoch 47, training accuracy:     0.5073, training loss:     0.6239, validation accuracy:     0.6493, validation loss:     0.6254
Epoch 48, training accuracy:     0.5073, training loss:     0.6238, validation accuracy:     0.6493, validation loss:     0.6254
Epoch 49, training accuracy:     0.5070, training loss:     0.6237, validation accuracy:     0.6492, validation loss:     0.6254
Epoch 50, training accuracy:     0.5071, training loss:     0.6237, validation accuracy:     0.6493, validation loss:     0.6253
Epoch 51, training accuracy:     0.5070, training loss:     0.6236, validation accuracy:     0.6493, validation loss:     0.6253
Epoch 52, training accuracy:     0.5078, training loss:     0.6236, validation accuracy:     0.6492, validation loss:     0.6253
Epoch 53, training accuracy:     0.5077, training loss:     0.6236, validation accuracy:     0.6491, validation loss:     0.6253
Epoch 54, training accuracy:     0.5071, training loss:     0.6235, validation accuracy:     0.6493, validation loss:     0.6252
Epoch 55, training accuracy:     0.5064, training loss:     0.6235, validation accuracy:     0.6492, validation loss:     0.6252
Epoch 56, training accuracy:     0.5077, training loss:     0.6234, validation accuracy:     0.6494, validation loss:     0.6253
Epoch 57, training accuracy:     0.5071, training loss:     0.6233, validation accuracy:     0.6493, validation loss:     0.6252
Epoch 58, training accuracy:     0.5073, training loss:     0.6233, validation accuracy:     0.6494, validation loss:     0.6251
Epoch 59, training accuracy:     0.5076, training loss:     0.6232, validation accuracy:     0.6494, validation loss:     0.6251
Epoch 60, training accuracy:     0.5067, training loss:     0.6232, validation accuracy:     0.6494, validation loss:     0.6252
Epoch 61, training accuracy:     0.5068, training loss:     0.6231, validation accuracy:     0.6492, validation loss:     0.6252
Epoch 62, training accuracy:     0.5070, training loss:     0.6231, validation accuracy:     0.6493, validation loss:     0.6250
Epoch 63, training accuracy:     0.5074, training loss:     0.6230, validation accuracy:     0.6494, validation loss:     0.6251
Epoch 64, training accuracy:     0.5069, training loss:     0.6230, validation accuracy:     0.6494, validation loss:     0.6251
Epoch 65, training accuracy:     0.5070, training loss:     0.6229, validation accuracy:     0.6495, validation loss:     0.6250
Epoch 66, training accuracy:     0.5068, training loss:     0.6229, validation accuracy:     0.6494, validation loss:     0.6250
Epoch 67, training accuracy:     0.5073, training loss:     0.6228, validation accuracy:     0.6496, validation loss:     0.6250
Epoch 68, training accuracy:     0.5070, training loss:     0.6228, validation accuracy:     0.6497, validation loss:     0.6249
Epoch 69, training accuracy:     0.5072, training loss:     0.6228, validation accuracy:     0.6495, validation loss:     0.6249
Epoch 70, training accuracy:     0.5080, training loss:     0.6227, validation accuracy:     0.6496, validation loss:     0.6249
Epoch 71, training accuracy:     0.5063, training loss:     0.6226, validation accuracy:     0.6496, validation loss:     0.6248
Epoch 72, training accuracy:     0.5075, training loss:     0.6226, validation accuracy:     0.6495, validation loss:     0.6249
Epoch 73, training accuracy:     0.5082, training loss:     0.6225, validation accuracy:     0.6498, validation loss:     0.6248
Epoch 74, training accuracy:     0.5070, training loss:     0.6225, validation accuracy:     0.6497, validation loss:     0.6248
Epoch 75, training accuracy:     0.5078, training loss:     0.6224, validation accuracy:     0.6494, validation loss:     0.6248
Epoch 76, training accuracy:     0.5072, training loss:     0.6224, validation accuracy:     0.6497, validation loss:     0.6247
Epoch 77, training accuracy:     0.5074, training loss:     0.6223, validation accuracy:     0.6497, validation loss:     0.6247
Epoch 78, training accuracy:     0.5067, training loss:     0.6222, validation accuracy:     0.6499, validation loss:     0.6247
Epoch 79, training accuracy:     0.5069, training loss:     0.6222, validation accuracy:     0.6495, validation loss:     0.6246
Epoch 80, training accuracy:     0.5075, training loss:     0.6222, validation accuracy:     0.6497, validation loss:     0.6246
Epoch 81, training accuracy:     0.5081, training loss:     0.6222, validation accuracy:     0.6497, validation loss:     0.6246
Epoch 82, training accuracy:     0.5070, training loss:     0.6221, validation accuracy:     0.6497, validation loss:     0.6246
Epoch 83, training accuracy:     0.5076, training loss:     0.6220, validation accuracy:     0.6498, validation loss:     0.6246
Epoch 84, training accuracy:     0.5068, training loss:     0.6220, validation accuracy:     0.6494, validation loss:     0.6246
Epoch 85, training accuracy:     0.5062, training loss:     0.6220, validation accuracy:     0.6497, validation loss:     0.6245
Epoch 86, training accuracy:     0.5066, training loss:     0.6219, validation accuracy:     0.6497, validation loss:     0.6244
Epoch 87, training accuracy:     0.5074, training loss:     0.6218, validation accuracy:     0.6498, validation loss:     0.6244
Epoch 88, training accuracy:     0.5076, training loss:     0.6218, validation accuracy:     0.6498, validation loss:     0.6244
Epoch 89, training accuracy:     0.5068, training loss:     0.6217, validation accuracy:     0.6499, validation loss:     0.6243
Epoch 90, training accuracy:     0.5077, training loss:     0.6216, validation accuracy:     0.6499, validation loss:     0.6243
Epoch 91, training accuracy:     0.5065, training loss:     0.6216, validation accuracy:     0.6498, validation loss:     0.6244
Epoch 92, training accuracy:     0.5082, training loss:     0.6216, validation accuracy:     0.6497, validation loss:     0.6245
Epoch 93, training accuracy:     0.5076, training loss:     0.6216, validation accuracy:     0.6499, validation loss:     0.6243
Epoch 94, training accuracy:     0.5076, training loss:     0.6215, validation accuracy:     0.6499, validation loss:     0.6243
Epoch 95, training accuracy:     0.5076, training loss:     0.6215, validation accuracy:     0.6498, validation loss:     0.6242
Epoch 96, training accuracy:     0.5068, training loss:     0.6214, validation accuracy:     0.6496, validation loss:     0.6243
Epoch 97, training accuracy:     0.5071, training loss:     0.6213, validation accuracy:     0.6498, validation loss:     0.6242
Epoch 98, training accuracy:     0.5071, training loss:     0.6213, validation accuracy:     0.6498, validation loss:     0.6242
Epoch 99, training accuracy:     0.5063, training loss:     0.6213, validation accuracy:     0.6498, validation loss:     0.6242
Epoch 100, training accuracy:     0.5074, training loss:     0.6212, validation accuracy:     0.6497, validation loss:     0.6242
Epoch 101, training accuracy:     0.5063, training loss:     0.6212, validation accuracy:     0.6495, validation loss:     0.6243
Epoch 102, training accuracy:     0.5057, training loss:     0.6212, validation accuracy:     0.6496, validation loss:     0.6244
Epoch 103, training accuracy:     0.5080, training loss:     0.6211, validation accuracy:     0.6498, validation loss:     0.6241
Epoch 104, training accuracy:     0.5074, training loss:     0.6211, validation accuracy:     0.6499, validation loss:     0.6241
Epoch 105, training accuracy:     0.5077, training loss:     0.6210, validation accuracy:     0.6500, validation loss:     0.6241
Epoch 106, training accuracy:     0.5068, training loss:     0.6210, validation accuracy:     0.6502, validation loss:     0.6240
Epoch 107, training accuracy:     0.5065, training loss:     0.6209, validation accuracy:     0.6500, validation loss:     0.6241
Epoch 108, training accuracy:     0.5079, training loss:     0.6209, validation accuracy:     0.6500, validation loss:     0.6240
Epoch 109, training accuracy:     0.5071, training loss:     0.6208, validation accuracy:     0.6498, validation loss:     0.6240
Epoch 110, training accuracy:     0.5070, training loss:     0.6208, validation accuracy:     0.6500, validation loss:     0.6239
Epoch 111, training accuracy:     0.5067, training loss:     0.6208, validation accuracy:     0.6502, validation loss:     0.6240
Epoch 112, training accuracy:     0.5079, training loss:     0.6208, validation accuracy:     0.6500, validation loss:     0.6239
Epoch 113, training accuracy:     0.5067, training loss:     0.6207, validation accuracy:     0.6497, validation loss:     0.6241
Epoch 114, training accuracy:     0.5073, training loss:     0.6207, validation accuracy:     0.6498, validation loss:     0.6239
Epoch 115, training accuracy:     0.5069, training loss:     0.6206, validation accuracy:     0.6499, validation loss:     0.6239
Epoch 116, training accuracy:     0.5084, training loss:     0.6206, validation accuracy:     0.6502, validation loss:     0.6239
Epoch 117, training accuracy:     0.5073, training loss:     0.6205, validation accuracy:     0.6500, validation loss:     0.6238
Epoch 118, training accuracy:     0.5064, training loss:     0.6205, validation accuracy:     0.6500, validation loss:     0.6238
Epoch 119, training accuracy:     0.5066, training loss:     0.6204, validation accuracy:     0.6504, validation loss:     0.6238
Epoch 120, training accuracy:     0.5068, training loss:     0.6204, validation accuracy:     0.6503, validation loss:     0.6238
Epoch 121, training accuracy:     0.5074, training loss:     0.6203, validation accuracy:     0.6502, validation loss:     0.6239
Epoch 122, training accuracy:     0.5072, training loss:     0.6203, validation accuracy:     0.6501, validation loss:     0.6237
Epoch 123, training accuracy:     0.5068, training loss:     0.6202, validation accuracy:     0.6501, validation loss:     0.6238
Epoch 124, training accuracy:     0.5067, training loss:     0.6202, validation accuracy:     0.6502, validation loss:     0.6235
Epoch 125, training accuracy:     0.5081, training loss:     0.6201, validation accuracy:     0.6504, validation loss:     0.6235
Epoch 126, training accuracy:     0.5073, training loss:     0.6201, validation accuracy:     0.6503, validation loss:     0.6235
Epoch 127, training accuracy:     0.5077, training loss:     0.6200, validation accuracy:     0.6505, validation loss:     0.6234
Epoch 128, training accuracy:     0.5075, training loss:     0.6199, validation accuracy:     0.6506, validation loss:     0.6234
Epoch 129, training accuracy:     0.5070, training loss:     0.6199, validation accuracy:     0.6506, validation loss:     0.6234
Epoch 130, training accuracy:     0.5065, training loss:     0.6198, validation accuracy:     0.6506, validation loss:     0.6234
Epoch 131, training accuracy:     0.5067, training loss:     0.6198, validation accuracy:     0.6505, validation loss:     0.6233
Epoch 132, training accuracy:     0.5076, training loss:     0.6198, validation accuracy:     0.6506, validation loss:     0.6233
Epoch 133, training accuracy:     0.5075, training loss:     0.6197, validation accuracy:     0.6503, validation loss:     0.6234
Epoch 134, training accuracy:     0.5069, training loss:     0.6196, validation accuracy:     0.6504, validation loss:     0.6232
Epoch 135, training accuracy:     0.5067, training loss:     0.6196, validation accuracy:     0.6507, validation loss:     0.6232
Epoch 136, training accuracy:     0.5072, training loss:     0.6195, validation accuracy:     0.6507, validation loss:     0.6232
Epoch 137, training accuracy:     0.5077, training loss:     0.6195, validation accuracy:     0.6507, validation loss:     0.6232
Epoch 138, training accuracy:     0.5082, training loss:     0.6194, validation accuracy:     0.6506, validation loss:     0.6231
Epoch 139, training accuracy:     0.5069, training loss:     0.6195, validation accuracy:     0.6508, validation loss:     0.6232
Epoch 140, training accuracy:     0.5069, training loss:     0.6195, validation accuracy:     0.6507, validation loss:     0.6232
Epoch 141, training accuracy:     0.5068, training loss:     0.6194, validation accuracy:     0.6506, validation loss:     0.6231
Epoch 142, training accuracy:     0.5062, training loss:     0.6193, validation accuracy:     0.6507, validation loss:     0.6230
Epoch 143, training accuracy:     0.5069, training loss:     0.6193, validation accuracy:     0.6505, validation loss:     0.6230
Epoch 144, training accuracy:     0.5066, training loss:     0.6193, validation accuracy:     0.6508, validation loss:     0.6231
Epoch 145, training accuracy:     0.5070, training loss:     0.6192, validation accuracy:     0.6506, validation loss:     0.6232
Epoch 146, training accuracy:     0.5074, training loss:     0.6192, validation accuracy:     0.6508, validation loss:     0.6230
Epoch 147, training accuracy:     0.5074, training loss:     0.6192, validation accuracy:     0.6506, validation loss:     0.6230
Epoch 148, training accuracy:     0.5068, training loss:     0.6192, validation accuracy:     0.6509, validation loss:     0.6230
Epoch 149, training accuracy:     0.5072, training loss:     0.6191, validation accuracy:     0.6510, validation loss:     0.6229
Epoch 150, training accuracy:     0.5063, training loss:     0.6191, validation accuracy:     0.6506, validation loss:     0.6231
Epoch 151, training accuracy:     0.5073, training loss:     0.6191, validation accuracy:     0.6510, validation loss:     0.6229
Epoch 152, training accuracy:     0.5069, training loss:     0.6191, validation accuracy:     0.6509, validation loss:     0.6230
Epoch 153, training accuracy:     0.5072, training loss:     0.6190, validation accuracy:     0.6508, validation loss:     0.6230
Epoch 154, training accuracy:     0.5077, training loss:     0.6190, validation accuracy:     0.6510, validation loss:     0.6230
Epoch 155, training accuracy:     0.5064, training loss:     0.6190, validation accuracy:     0.6510, validation loss:     0.6229
Epoch 156, training accuracy:     0.5069, training loss:     0.6190, validation accuracy:     0.6509, validation loss:     0.6229
Epoch 157, training accuracy:     0.5076, training loss:     0.6190, validation accuracy:     0.6509, validation loss:     0.6229
Epoch 158, training accuracy:     0.5077, training loss:     0.6190, validation accuracy:     0.6508, validation loss:     0.6229
Epoch 159, training accuracy:     0.5067, training loss:     0.6189, validation accuracy:     0.6509, validation loss:     0.6229
Epoch 160, training accuracy:     0.5076, training loss:     0.6189, validation accuracy:     0.6508, validation loss:     0.6229
Epoch 161, training accuracy:     0.5063, training loss:     0.6189, validation accuracy:     0.6509, validation loss:     0.6230
Epoch 162, training accuracy:     0.5073, training loss:     0.6189, validation accuracy:     0.6508, validation loss:     0.6229
Epoch 163, training accuracy:     0.5072, training loss:     0.6189, validation accuracy:     0.6511, validation loss:     0.6229
Epoch 164, training accuracy:     0.5074, training loss:     0.6189, validation accuracy:     0.6508, validation loss:     0.6229
Epoch 165, training accuracy:     0.5076, training loss:     0.6188, validation accuracy:     0.6510, validation loss:     0.6229
Epoch 166, training accuracy:     0.5071, training loss:     0.6188, validation accuracy:     0.6509, validation loss:     0.6229
Epoch 167, training accuracy:     0.5073, training loss:     0.6188, validation accuracy:     0.6508, validation loss:     0.6229
Epoch 168, training accuracy:     0.5076, training loss:     0.6188, validation accuracy:     0.6507, validation loss:     0.6230
Epoch 169, training accuracy:     0.5070, training loss:     0.6188, validation accuracy:     0.6509, validation loss:     0.6228
Epoch 170, training accuracy:     0.5072, training loss:     0.6187, validation accuracy:     0.6508, validation loss:     0.6230
Epoch 171, training accuracy:     0.5069, training loss:     0.6188, validation accuracy:     0.6509, validation loss:     0.6229
Epoch 172, training accuracy:     0.5069, training loss:     0.6187, validation accuracy:     0.6507, validation loss:     0.6229
Epoch 173, training accuracy:     0.5071, training loss:     0.6187, validation accuracy:     0.6509, validation loss:     0.6229
Epoch 174, training accuracy:     0.5071, training loss:     0.6188, validation accuracy:     0.6510, validation loss:     0.6230
Epoch 175, training accuracy:     0.5071, training loss:     0.6187, validation accuracy:     0.6510, validation loss:     0.6228
Epoch 176, training accuracy:     0.5067, training loss:     0.6187, validation accuracy:     0.6511, validation loss:     0.6228
Epoch 177, training accuracy:     0.5072, training loss:     0.6187, validation accuracy:     0.6512, validation loss:     0.6228
Epoch 178, training accuracy:     0.5054, training loss:     0.6187, validation accuracy:     0.6510, validation loss:     0.6230
Epoch 179, training accuracy:     0.5065, training loss:     0.6187, validation accuracy:     0.6509, validation loss:     0.6228
Epoch 180, training accuracy:     0.5070, training loss:     0.6186, validation accuracy:     0.6508, validation loss:     0.6230
Epoch 181, training accuracy:     0.5071, training loss:     0.6186, validation accuracy:     0.6509, validation loss:     0.6228
Epoch 182, training accuracy:     0.5071, training loss:     0.6186, validation accuracy:     0.6508, validation loss:     0.6229
Epoch 183, training accuracy:     0.5066, training loss:     0.6186, validation accuracy:     0.6508, validation loss:     0.6230
Epoch 184, training accuracy:     0.5065, training loss:     0.6186, validation accuracy:     0.6512, validation loss:     0.6228
Epoch 185, training accuracy:     0.5071, training loss:     0.6185, validation accuracy:     0.6511, validation loss:     0.6228
Epoch 186, training accuracy:     0.5059, training loss:     0.6186, validation accuracy:     0.6511, validation loss:     0.6228
Epoch 187, training accuracy:     0.5072, training loss:     0.6186, validation accuracy:     0.6511, validation loss:     0.6228
Epoch 188, training accuracy:     0.5071, training loss:     0.6185, validation accuracy:     0.6512, validation loss:     0.6228
Epoch 189, training accuracy:     0.5073, training loss:     0.6185, validation accuracy:     0.6510, validation loss:     0.6228
Epoch 190, training accuracy:     0.5065, training loss:     0.6185, validation accuracy:     0.6511, validation loss:     0.6228
Epoch 191, training accuracy:     0.5069, training loss:     0.6185, validation accuracy:     0.6512, validation loss:     0.6228
Epoch 192, training accuracy:     0.5075, training loss:     0.6185, validation accuracy:     0.6510, validation loss:     0.6228
Epoch 193, training accuracy:     0.5079, training loss:     0.6185, validation accuracy:     0.6507, validation loss:     0.6232
Epoch 194, training accuracy:     0.5060, training loss:     0.6185, validation accuracy:     0.6511, validation loss:     0.6228
Epoch 195, training accuracy:     0.5066, training loss:     0.6184, validation accuracy:     0.6511, validation loss:     0.6229
Epoch 196, training accuracy:     0.5071, training loss:     0.6185, validation accuracy:     0.6511, validation loss:     0.6228
Epoch 197, training accuracy:     0.5066, training loss:     0.6185, validation accuracy:     0.6511, validation loss:     0.6228
Epoch 198, training accuracy:     0.5065, training loss:     0.6184, validation accuracy:     0.6510, validation loss:     0.6228
Epoch 199, training accuracy:     0.5065, training loss:     0.6184, validation accuracy:     0.6512, validation loss:     0.6227
Epoch 200, training accuracy:     0.5070, training loss:     0.6184, validation accuracy:     0.6509, validation loss:     0.6228
Epoch 201, training accuracy:     0.5076, training loss:     0.6184, validation accuracy:     0.6510, validation loss:     0.6227
Epoch 202, training accuracy:     0.5069, training loss:     0.6184, validation accuracy:     0.6510, validation loss:     0.6229
Epoch 203, training accuracy:     0.5078, training loss:     0.6184, validation accuracy:     0.6509, validation loss:     0.6229
Epoch 204, training accuracy:     0.5074, training loss:     0.6184, validation accuracy:     0.6510, validation loss:     0.6230
Epoch 205, training accuracy:     0.5070, training loss:     0.6184, validation accuracy:     0.6514, validation loss:     0.6227
Epoch 206, training accuracy:     0.5072, training loss:     0.6183, validation accuracy:     0.6511, validation loss:     0.6228
Epoch 207, training accuracy:     0.5068, training loss:     0.6183, validation accuracy:     0.6513, validation loss:     0.6227
Epoch 208, training accuracy:     0.5074, training loss:     0.6183, validation accuracy:     0.6511, validation loss:     0.6228
Epoch 209, training accuracy:     0.5074, training loss:     0.6183, validation accuracy:     0.6513, validation loss:     0.6227
Epoch 210, training accuracy:     0.5073, training loss:     0.6183, validation accuracy:     0.6511, validation loss:     0.6228
Epoch 211, training accuracy:     0.5071, training loss:     0.6183, validation accuracy:     0.6511, validation loss:     0.6228
Epoch 212, training accuracy:     0.5066, training loss:     0.6183, validation accuracy:     0.6512, validation loss:     0.6227
Epoch 213, training accuracy:     0.5064, training loss:     0.6183, validation accuracy:     0.6511, validation loss:     0.6228
Epoch 214, training accuracy:     0.5066, training loss:     0.6183, validation accuracy:     0.6511, validation loss:     0.6228
Epoch 215, training accuracy:     0.5064, training loss:     0.6183, validation accuracy:     0.6510, validation loss:     0.6227
Epoch 216, training accuracy:     0.5080, training loss:     0.6182, validation accuracy:     0.6512, validation loss:     0.6228
Epoch 217, training accuracy:     0.5064, training loss:     0.6182, validation accuracy:     0.6512, validation loss:     0.6227
Epoch 218, training accuracy:     0.5071, training loss:     0.6182, validation accuracy:     0.6511, validation loss:     0.6229
Epoch 219, training accuracy:     0.5071, training loss:     0.6182, validation accuracy:     0.6513, validation loss:     0.6227
Epoch 220, training accuracy:     0.5066, training loss:     0.6182, validation accuracy:     0.6512, validation loss:     0.6227
Epoch 221, training accuracy:     0.5072, training loss:     0.6182, validation accuracy:     0.6511, validation loss:     0.6227
Epoch 222, training accuracy:     0.5073, training loss:     0.6182, validation accuracy:     0.6510, validation loss:     0.6227
Epoch 223, training accuracy:     0.5066, training loss:     0.6182, validation accuracy:     0.6514, validation loss:     0.6227
Epoch 224, training accuracy:     0.5070, training loss:     0.6182, validation accuracy:     0.6513, validation loss:     0.6228
Epoch 225, training accuracy:     0.5066, training loss:     0.6181, validation accuracy:     0.6514, validation loss:     0.6227
Epoch 226, training accuracy:     0.5072, training loss:     0.6181, validation accuracy:     0.6511, validation loss:     0.6228
Epoch 227, training accuracy:     0.5073, training loss:     0.6181, validation accuracy:     0.6514, validation loss:     0.6227
Epoch 228, training accuracy:     0.5073, training loss:     0.6181, validation accuracy:     0.6513, validation loss:     0.6227
Epoch 229, training accuracy:     0.5073, training loss:     0.6181, validation accuracy:     0.6511, validation loss:     0.6227
Epoch 230, training accuracy:     0.5074, training loss:     0.6181, validation accuracy:     0.6513, validation loss:     0.6227
Epoch 231, training accuracy:     0.5072, training loss:     0.6181, validation accuracy:     0.6513, validation loss:     0.6226
Epoch 232, training accuracy:     0.5068, training loss:     0.6181, validation accuracy:     0.6512, validation loss:     0.6227
Epoch 233, training accuracy:     0.5078, training loss:     0.6181, validation accuracy:     0.6512, validation loss:     0.6227
Epoch 234, training accuracy:     0.5073, training loss:     0.6181, validation accuracy:     0.6513, validation loss:     0.6226
Epoch 235, training accuracy:     0.5077, training loss:     0.6181, validation accuracy:     0.6515, validation loss:     0.6227
Epoch 236, training accuracy:     0.5069, training loss:     0.6181, validation accuracy:     0.6513, validation loss:     0.6227
Epoch 237, training accuracy:     0.5074, training loss:     0.6181, validation accuracy:     0.6511, validation loss:     0.6227
Epoch 238, training accuracy:     0.5069, training loss:     0.6180, validation accuracy:     0.6512, validation loss:     0.6227
Epoch 239, training accuracy:     0.5070, training loss:     0.6180, validation accuracy:     0.6512, validation loss:     0.6226
Epoch 240, training accuracy:     0.5082, training loss:     0.6180, validation accuracy:     0.6513, validation loss:     0.6227
Epoch 241, training accuracy:     0.5064, training loss:     0.6180, validation accuracy:     0.6513, validation loss:     0.6227
Epoch 242, training accuracy:     0.5068, training loss:     0.6180, validation accuracy:     0.6512, validation loss:     0.6226
Epoch 243, training accuracy:     0.5059, training loss:     0.6180, validation accuracy:     0.6514, validation loss:     0.6226
Epoch 244, training accuracy:     0.5062, training loss:     0.6180, validation accuracy:     0.6513, validation loss:     0.6226
Epoch 245, training accuracy:     0.5067, training loss:     0.6179, validation accuracy:     0.6513, validation loss:     0.6226
Epoch 246, training accuracy:     0.5067, training loss:     0.6180, validation accuracy:     0.6512, validation loss:     0.6227
Epoch 247, training accuracy:     0.5073, training loss:     0.6180, validation accuracy:     0.6513, validation loss:     0.6226
Epoch 248, training accuracy:     0.5071, training loss:     0.6179, validation accuracy:     0.6514, validation loss:     0.6227
Epoch 249, training accuracy:     0.5071, training loss:     0.6180, validation accuracy:     0.6514, validation loss:     0.6227
Epoch 250, training accuracy:     0.5075, training loss:     0.6180, validation accuracy:     0.6512, validation loss:     0.6226
Epoch 251, training accuracy:     0.5072, training loss:     0.6179, validation accuracy:     0.6511, validation loss:     0.6228
Epoch 252, training accuracy:     0.5064, training loss:     0.6180, validation accuracy:     0.6512, validation loss:     0.6226
Epoch 253, training accuracy:     0.5070, training loss:     0.6179, validation accuracy:     0.6512, validation loss:     0.6227
Epoch 254, training accuracy:     0.5070, training loss:     0.6179, validation accuracy:     0.6516, validation loss:     0.6226
Epoch 255, training accuracy:     0.5068, training loss:     0.6179, validation accuracy:     0.6513, validation loss:     0.6226
Epoch 256, training accuracy:     0.5068, training loss:     0.6179, validation accuracy:     0.6514, validation loss:     0.6226
Epoch 257, training accuracy:     0.5068, training loss:     0.6179, validation accuracy:     0.6514, validation loss:     0.6226
Epoch 258, training accuracy:     0.5071, training loss:     0.6179, validation accuracy:     0.6514, validation loss:     0.6226
Epoch 259, training accuracy:     0.5069, training loss:     0.6179, validation accuracy:     0.6515, validation loss:     0.6226
Epoch 260, training accuracy:     0.5072, training loss:     0.6179, validation accuracy:     0.6516, validation loss:     0.6226
Epoch 261, training accuracy:     0.5066, training loss:     0.6178, validation accuracy:     0.6515, validation loss:     0.6226
Epoch 262, training accuracy:     0.5071, training loss:     0.6178, validation accuracy:     0.6513, validation loss:     0.6227
Epoch 263, training accuracy:     0.5072, training loss:     0.6179, validation accuracy:     0.6515, validation loss:     0.6225
Epoch 264, training accuracy:     0.5070, training loss:     0.6179, validation accuracy:     0.6515, validation loss:     0.6226
Epoch 265, training accuracy:     0.5072, training loss:     0.6179, validation accuracy:     0.6515, validation loss:     0.6226
Epoch 266, training accuracy:     0.5068, training loss:     0.6179, validation accuracy:     0.6515, validation loss:     0.6227
Epoch 267, training accuracy:     0.5072, training loss:     0.6178, validation accuracy:     0.6514, validation loss:     0.6226
Epoch 268, training accuracy:     0.5060, training loss:     0.6178, validation accuracy:     0.6514, validation loss:     0.6226
Epoch 269, training accuracy:     0.5074, training loss:     0.6178, validation accuracy:     0.6516, validation loss:     0.6226
Epoch 270, training accuracy:     0.5067, training loss:     0.6178, validation accuracy:     0.6512, validation loss:     0.6227
Epoch 271, training accuracy:     0.5079, training loss:     0.6178, validation accuracy:     0.6514, validation loss:     0.6226
Epoch 272, training accuracy:     0.5073, training loss:     0.6178, validation accuracy:     0.6517, validation loss:     0.6226
Epoch 273, training accuracy:     0.5077, training loss:     0.6178, validation accuracy:     0.6516, validation loss:     0.6226
Epoch 274, training accuracy:     0.5068, training loss:     0.6178, validation accuracy:     0.6517, validation loss:     0.6226
Epoch 275, training accuracy:     0.5072, training loss:     0.6178, validation accuracy:     0.6517, validation loss:     0.6226
Epoch 276, training accuracy:     0.5079, training loss:     0.6178, validation accuracy:     0.6514, validation loss:     0.6227
Epoch 277, training accuracy:     0.5065, training loss:     0.6177, validation accuracy:     0.6515, validation loss:     0.6225
Epoch 278, training accuracy:     0.5075, training loss:     0.6177, validation accuracy:     0.6517, validation loss:     0.6226
Epoch 279, training accuracy:     0.5073, training loss:     0.6177, validation accuracy:     0.6516, validation loss:     0.6225
Epoch 280, training accuracy:     0.5062, training loss:     0.6177, validation accuracy:     0.6516, validation loss:     0.6225
Epoch 281, training accuracy:     0.5071, training loss:     0.6177, validation accuracy:     0.6515, validation loss:     0.6225
Epoch 282, training accuracy:     0.5085, training loss:     0.6177, validation accuracy:     0.6517, validation loss:     0.6227
Epoch 283, training accuracy:     0.5073, training loss:     0.6177, validation accuracy:     0.6515, validation loss:     0.6226
Epoch 284, training accuracy:     0.5068, training loss:     0.6177, validation accuracy:     0.6514, validation loss:     0.6225
Epoch 285, training accuracy:     0.5074, training loss:     0.6177, validation accuracy:     0.6516, validation loss:     0.6225
Epoch 286, training accuracy:     0.5067, training loss:     0.6177, validation accuracy:     0.6515, validation loss:     0.6225
Epoch 287, training accuracy:     0.5073, training loss:     0.6177, validation accuracy:     0.6515, validation loss:     0.6226
Epoch 288, training accuracy:     0.5067, training loss:     0.6177, validation accuracy:     0.6517, validation loss:     0.6225
Epoch 289, training accuracy:     0.5074, training loss:     0.6176, validation accuracy:     0.6518, validation loss:     0.6226
Epoch 290, training accuracy:     0.5068, training loss:     0.6176, validation accuracy:     0.6517, validation loss:     0.6225
Epoch 291, training accuracy:     0.5071, training loss:     0.6176, validation accuracy:     0.6515, validation loss:     0.6226
Epoch 292, training accuracy:     0.5063, training loss:     0.6177, validation accuracy:     0.6513, validation loss:     0.6227
Epoch 293, training accuracy:     0.5067, training loss:     0.6177, validation accuracy:     0.6515, validation loss:     0.6226
Epoch 294, training accuracy:     0.5072, training loss:     0.6177, validation accuracy:     0.6516, validation loss:     0.6226
Epoch 295, training accuracy:     0.5066, training loss:     0.6176, validation accuracy:     0.6515, validation loss:     0.6225
Epoch 296, training accuracy:     0.5078, training loss:     0.6176, validation accuracy:     0.6517, validation loss:     0.6225
Epoch 297, training accuracy:     0.5065, training loss:     0.6176, validation accuracy:     0.6515, validation loss:     0.6225
Epoch 298, training accuracy:     0.5074, training loss:     0.6176, validation accuracy:     0.6515, validation loss:     0.6225
Epoch 299, training accuracy:     0.5077, training loss:     0.6176, validation accuracy:     0.6515, validation loss:     0.6225
Evaluate the best model on test set...
Test accuracy:     0.6514, test loss     0.6225
Saving model...
Draw loss diagram and accuracy diagram.
