100-100-100-50-1
Start training...
Epoch 0, training accuracy:     0.4785, training loss:     0.6943, validation accuracy:     0.4789, validation loss:     0.6934
Epoch 1, training accuracy:     0.5112, training loss:     0.6927, validation accuracy:     0.5211, validation loss:     0.6921
Epoch 2, training accuracy:     0.5215, training loss:     0.6917, validation accuracy:     0.5211, validation loss:     0.6912
Epoch 3, training accuracy:     0.5214, training loss:     0.6897, validation accuracy:     0.5367, validation loss:     0.6875
Epoch 4, training accuracy:     0.5130, training loss:     0.6822, validation accuracy:     0.5964, validation loss:     0.6752
Epoch 5, training accuracy:     0.5041, training loss:     0.6674, validation accuracy:     0.6031, validation loss:     0.6620
Epoch 6, training accuracy:     0.5037, training loss:     0.6600, validation accuracy:     0.6054, validation loss:     0.6596
Epoch 7, training accuracy:     0.5021, training loss:     0.6587, validation accuracy:     0.6057, validation loss:     0.6591
Epoch 8, training accuracy:     0.5037, training loss:     0.6583, validation accuracy:     0.6064, validation loss:     0.6588
Epoch 9, training accuracy:     0.5041, training loss:     0.6581, validation accuracy:     0.6064, validation loss:     0.6587
Epoch 10, training accuracy:     0.5015, training loss:     0.6579, validation accuracy:     0.6065, validation loss:     0.6586
Epoch 11, training accuracy:     0.5022, training loss:     0.6578, validation accuracy:     0.6067, validation loss:     0.6585
Epoch 12, training accuracy:     0.5017, training loss:     0.6576, validation accuracy:     0.6068, validation loss:     0.6585
Epoch 13, training accuracy:     0.5022, training loss:     0.6576, validation accuracy:     0.6069, validation loss:     0.6584
Epoch 14, training accuracy:     0.5024, training loss:     0.6575, validation accuracy:     0.6069, validation loss:     0.6583
Epoch 15, training accuracy:     0.5030, training loss:     0.6574, validation accuracy:     0.6072, validation loss:     0.6583
Epoch 16, training accuracy:     0.5026, training loss:     0.6573, validation accuracy:     0.6072, validation loss:     0.6582
Epoch 17, training accuracy:     0.5041, training loss:     0.6572, validation accuracy:     0.6073, validation loss:     0.6582
Epoch 18, training accuracy:     0.5022, training loss:     0.6571, validation accuracy:     0.6071, validation loss:     0.6583
Epoch 19, training accuracy:     0.5035, training loss:     0.6571, validation accuracy:     0.6072, validation loss:     0.6581
Epoch 20, training accuracy:     0.5022, training loss:     0.6570, validation accuracy:     0.6073, validation loss:     0.6581
Epoch 21, training accuracy:     0.5033, training loss:     0.6569, validation accuracy:     0.6074, validation loss:     0.6580
Epoch 22, training accuracy:     0.5048, training loss:     0.6568, validation accuracy:     0.6073, validation loss:     0.6579
Epoch 23, training accuracy:     0.5028, training loss:     0.6567, validation accuracy:     0.6074, validation loss:     0.6579
Epoch 24, training accuracy:     0.5036, training loss:     0.6566, validation accuracy:     0.6075, validation loss:     0.6578
Epoch 25, training accuracy:     0.5027, training loss:     0.6565, validation accuracy:     0.6074, validation loss:     0.6579
Epoch 26, training accuracy:     0.5032, training loss:     0.6564, validation accuracy:     0.6076, validation loss:     0.6577
Epoch 27, training accuracy:     0.5019, training loss:     0.6563, validation accuracy:     0.6077, validation loss:     0.6577
Epoch 28, training accuracy:     0.5019, training loss:     0.6562, validation accuracy:     0.6076, validation loss:     0.6576
Epoch 29, training accuracy:     0.5032, training loss:     0.6561, validation accuracy:     0.6073, validation loss:     0.6577
Epoch 30, training accuracy:     0.5038, training loss:     0.6560, validation accuracy:     0.6077, validation loss:     0.6576
Epoch 31, training accuracy:     0.5020, training loss:     0.6558, validation accuracy:     0.6079, validation loss:     0.6575
Epoch 32, training accuracy:     0.5038, training loss:     0.6558, validation accuracy:     0.6076, validation loss:     0.6575
Epoch 33, training accuracy:     0.5030, training loss:     0.6557, validation accuracy:     0.6079, validation loss:     0.6574
Epoch 34, training accuracy:     0.5030, training loss:     0.6555, validation accuracy:     0.6079, validation loss:     0.6575
Epoch 35, training accuracy:     0.5034, training loss:     0.6554, validation accuracy:     0.6080, validation loss:     0.6573
Epoch 36, training accuracy:     0.5032, training loss:     0.6553, validation accuracy:     0.6081, validation loss:     0.6572
Epoch 37, training accuracy:     0.5024, training loss:     0.6552, validation accuracy:     0.6082, validation loss:     0.6572
Epoch 38, training accuracy:     0.5033, training loss:     0.6550, validation accuracy:     0.6084, validation loss:     0.6571
Epoch 39, training accuracy:     0.5011, training loss:     0.6549, validation accuracy:     0.6083, validation loss:     0.6570
Epoch 40, training accuracy:     0.5046, training loss:     0.6548, validation accuracy:     0.6082, validation loss:     0.6570
Epoch 41, training accuracy:     0.5035, training loss:     0.6547, validation accuracy:     0.6082, validation loss:     0.6569
Epoch 42, training accuracy:     0.5034, training loss:     0.6546, validation accuracy:     0.6083, validation loss:     0.6569
Epoch 43, training accuracy:     0.5026, training loss:     0.6545, validation accuracy:     0.6084, validation loss:     0.6568
Epoch 44, training accuracy:     0.5030, training loss:     0.6543, validation accuracy:     0.6084, validation loss:     0.6568
Epoch 45, training accuracy:     0.5031, training loss:     0.6542, validation accuracy:     0.6087, validation loss:     0.6568
Epoch 46, training accuracy:     0.5018, training loss:     0.6541, validation accuracy:     0.6085, validation loss:     0.6568
Epoch 47, training accuracy:     0.5026, training loss:     0.6540, validation accuracy:     0.6088, validation loss:     0.6567
Epoch 48, training accuracy:     0.5042, training loss:     0.6539, validation accuracy:     0.6090, validation loss:     0.6566
Epoch 49, training accuracy:     0.5016, training loss:     0.6537, validation accuracy:     0.6089, validation loss:     0.6566
Epoch 50, training accuracy:     0.5031, training loss:     0.6536, validation accuracy:     0.6092, validation loss:     0.6566
Epoch 51, training accuracy:     0.5029, training loss:     0.6535, validation accuracy:     0.6090, validation loss:     0.6566
Epoch 52, training accuracy:     0.5036, training loss:     0.6534, validation accuracy:     0.6092, validation loss:     0.6565
Epoch 53, training accuracy:     0.5040, training loss:     0.6532, validation accuracy:     0.6090, validation loss:     0.6565
Epoch 54, training accuracy:     0.5014, training loss:     0.6531, validation accuracy:     0.6093, validation loss:     0.6565
Epoch 55, training accuracy:     0.5024, training loss:     0.6530, validation accuracy:     0.6093, validation loss:     0.6565
Epoch 56, training accuracy:     0.5032, training loss:     0.6530, validation accuracy:     0.6089, validation loss:     0.6564
Epoch 57, training accuracy:     0.5036, training loss:     0.6528, validation accuracy:     0.6094, validation loss:     0.6564
Epoch 58, training accuracy:     0.5030, training loss:     0.6527, validation accuracy:     0.6095, validation loss:     0.6564
Epoch 59, training accuracy:     0.5026, training loss:     0.6526, validation accuracy:     0.6094, validation loss:     0.6563
Epoch 60, training accuracy:     0.5020, training loss:     0.6525, validation accuracy:     0.6095, validation loss:     0.6563
Epoch 61, training accuracy:     0.5031, training loss:     0.6524, validation accuracy:     0.6092, validation loss:     0.6563
Epoch 62, training accuracy:     0.5020, training loss:     0.6523, validation accuracy:     0.6094, validation loss:     0.6563
Epoch 63, training accuracy:     0.5025, training loss:     0.6522, validation accuracy:     0.6095, validation loss:     0.6563
Epoch 64, training accuracy:     0.5029, training loss:     0.6521, validation accuracy:     0.6094, validation loss:     0.6563
Epoch 65, training accuracy:     0.5030, training loss:     0.6520, validation accuracy:     0.6097, validation loss:     0.6563
Epoch 66, training accuracy:     0.5021, training loss:     0.6519, validation accuracy:     0.6092, validation loss:     0.6562
Epoch 67, training accuracy:     0.5029, training loss:     0.6518, validation accuracy:     0.6095, validation loss:     0.6563
Epoch 68, training accuracy:     0.5031, training loss:     0.6518, validation accuracy:     0.6097, validation loss:     0.6564
Epoch 69, training accuracy:     0.5034, training loss:     0.6517, validation accuracy:     0.6095, validation loss:     0.6562
Epoch 70, training accuracy:     0.5026, training loss:     0.6516, validation accuracy:     0.6093, validation loss:     0.6562
Epoch 71, training accuracy:     0.5022, training loss:     0.6515, validation accuracy:     0.6098, validation loss:     0.6561
Epoch 72, training accuracy:     0.5021, training loss:     0.6515, validation accuracy:     0.6097, validation loss:     0.6562
Epoch 73, training accuracy:     0.5031, training loss:     0.6513, validation accuracy:     0.6095, validation loss:     0.6561
Epoch 74, training accuracy:     0.5029, training loss:     0.6513, validation accuracy:     0.6095, validation loss:     0.6561
Epoch 75, training accuracy:     0.5021, training loss:     0.6511, validation accuracy:     0.6098, validation loss:     0.6561
Epoch 76, training accuracy:     0.5036, training loss:     0.6511, validation accuracy:     0.6090, validation loss:     0.6562
Epoch 77, training accuracy:     0.5018, training loss:     0.6511, validation accuracy:     0.6097, validation loss:     0.6561
Epoch 78, training accuracy:     0.5025, training loss:     0.6510, validation accuracy:     0.6096, validation loss:     0.6562
Epoch 79, training accuracy:     0.5028, training loss:     0.6509, validation accuracy:     0.6095, validation loss:     0.6561
Epoch 80, training accuracy:     0.5036, training loss:     0.6508, validation accuracy:     0.6096, validation loss:     0.6561
Epoch 81, training accuracy:     0.5030, training loss:     0.6508, validation accuracy:     0.6092, validation loss:     0.6561
Epoch 82, training accuracy:     0.5034, training loss:     0.6507, validation accuracy:     0.6093, validation loss:     0.6561
Epoch 83, training accuracy:     0.5025, training loss:     0.6506, validation accuracy:     0.6093, validation loss:     0.6561
Epoch 84, training accuracy:     0.5034, training loss:     0.6506, validation accuracy:     0.6094, validation loss:     0.6561
Epoch 85, training accuracy:     0.5029, training loss:     0.6506, validation accuracy:     0.6092, validation loss:     0.6561
Epoch 86, training accuracy:     0.5018, training loss:     0.6504, validation accuracy:     0.6094, validation loss:     0.6561
Epoch 87, training accuracy:     0.5037, training loss:     0.6504, validation accuracy:     0.6094, validation loss:     0.6561
Epoch 88, training accuracy:     0.5029, training loss:     0.6503, validation accuracy:     0.6093, validation loss:     0.6563
Epoch 89, training accuracy:     0.5018, training loss:     0.6503, validation accuracy:     0.6095, validation loss:     0.6561
Epoch 90, training accuracy:     0.5028, training loss:     0.6503, validation accuracy:     0.6094, validation loss:     0.6561
Epoch 91, training accuracy:     0.5024, training loss:     0.6502, validation accuracy:     0.6096, validation loss:     0.6561
Epoch 92, training accuracy:     0.5030, training loss:     0.6502, validation accuracy:     0.6092, validation loss:     0.6562
Epoch 93, training accuracy:     0.5018, training loss:     0.6501, validation accuracy:     0.6092, validation loss:     0.6562
Epoch 94, training accuracy:     0.5036, training loss:     0.6500, validation accuracy:     0.6092, validation loss:     0.6562
Epoch 95, training accuracy:     0.5027, training loss:     0.6500, validation accuracy:     0.6090, validation loss:     0.6562
Epoch 96, training accuracy:     0.5026, training loss:     0.6499, validation accuracy:     0.6095, validation loss:     0.6561
Epoch 97, training accuracy:     0.5021, training loss:     0.6499, validation accuracy:     0.6093, validation loss:     0.6562
Epoch 98, training accuracy:     0.5024, training loss:     0.6499, validation accuracy:     0.6093, validation loss:     0.6561
Epoch 99, training accuracy:     0.5020, training loss:     0.6498, validation accuracy:     0.6094, validation loss:     0.6561
Epoch 100, training accuracy:     0.5028, training loss:     0.6497, validation accuracy:     0.6092, validation loss:     0.6562
Epoch 101, training accuracy:     0.5027, training loss:     0.6497, validation accuracy:     0.6095, validation loss:     0.6562
Epoch 102, training accuracy:     0.5027, training loss:     0.6497, validation accuracy:     0.6093, validation loss:     0.6562
Epoch 103, training accuracy:     0.5036, training loss:     0.6496, validation accuracy:     0.6090, validation loss:     0.6562
Epoch 104, training accuracy:     0.5027, training loss:     0.6496, validation accuracy:     0.6093, validation loss:     0.6562
Epoch 105, training accuracy:     0.5022, training loss:     0.6495, validation accuracy:     0.6093, validation loss:     0.6561
Epoch 106, training accuracy:     0.5026, training loss:     0.6495, validation accuracy:     0.6093, validation loss:     0.6562
Epoch 107, training accuracy:     0.5031, training loss:     0.6495, validation accuracy:     0.6094, validation loss:     0.6562
Epoch 108, training accuracy:     0.5024, training loss:     0.6494, validation accuracy:     0.6091, validation loss:     0.6561
Epoch 109, training accuracy:     0.5029, training loss:     0.6494, validation accuracy:     0.6096, validation loss:     0.6562
Epoch 110, training accuracy:     0.5024, training loss:     0.6493, validation accuracy:     0.6094, validation loss:     0.6562
Epoch 111, training accuracy:     0.5026, training loss:     0.6493, validation accuracy:     0.6092, validation loss:     0.6562
Epoch 112, training accuracy:     0.5030, training loss:     0.6493, validation accuracy:     0.6094, validation loss:     0.6562
Epoch 113, training accuracy:     0.5036, training loss:     0.6492, validation accuracy:     0.6094, validation loss:     0.6562
Epoch 114, training accuracy:     0.5035, training loss:     0.6492, validation accuracy:     0.6096, validation loss:     0.6562
Epoch 115, training accuracy:     0.5025, training loss:     0.6491, validation accuracy:     0.6094, validation loss:     0.6562
Epoch 116, training accuracy:     0.5021, training loss:     0.6491, validation accuracy:     0.6094, validation loss:     0.6562
Epoch 117, training accuracy:     0.5026, training loss:     0.6491, validation accuracy:     0.6096, validation loss:     0.6563
Epoch 118, training accuracy:     0.5027, training loss:     0.6490, validation accuracy:     0.6094, validation loss:     0.6562
Epoch 119, training accuracy:     0.5022, training loss:     0.6490, validation accuracy:     0.6091, validation loss:     0.6563
Epoch 120, training accuracy:     0.5031, training loss:     0.6490, validation accuracy:     0.6095, validation loss:     0.6562
Epoch 121, training accuracy:     0.5017, training loss:     0.6489, validation accuracy:     0.6090, validation loss:     0.6565
Epoch 122, training accuracy:     0.5018, training loss:     0.6490, validation accuracy:     0.6093, validation loss:     0.6563
Epoch 123, training accuracy:     0.5034, training loss:     0.6489, validation accuracy:     0.6094, validation loss:     0.6563
Epoch 124, training accuracy:     0.5033, training loss:     0.6488, validation accuracy:     0.6098, validation loss:     0.6563
Epoch 125, training accuracy:     0.5024, training loss:     0.6488, validation accuracy:     0.6093, validation loss:     0.6563
Epoch 126, training accuracy:     0.5032, training loss:     0.6488, validation accuracy:     0.6094, validation loss:     0.6563
Epoch 127, training accuracy:     0.5020, training loss:     0.6489, validation accuracy:     0.6095, validation loss:     0.6564
Epoch 128, training accuracy:     0.5019, training loss:     0.6488, validation accuracy:     0.6095, validation loss:     0.6563
Epoch 129, training accuracy:     0.5024, training loss:     0.6488, validation accuracy:     0.6093, validation loss:     0.6562
Epoch 130, training accuracy:     0.5034, training loss:     0.6487, validation accuracy:     0.6095, validation loss:     0.6563
Epoch 131, training accuracy:     0.5019, training loss:     0.6487, validation accuracy:     0.6094, validation loss:     0.6563
Epoch 132, training accuracy:     0.5023, training loss:     0.6487, validation accuracy:     0.6098, validation loss:     0.6563
Epoch 133, training accuracy:     0.5039, training loss:     0.6486, validation accuracy:     0.6097, validation loss:     0.6563
Epoch 134, training accuracy:     0.5013, training loss:     0.6486, validation accuracy:     0.6093, validation loss:     0.6563
Epoch 135, training accuracy:     0.5024, training loss:     0.6485, validation accuracy:     0.6098, validation loss:     0.6563
Epoch 136, training accuracy:     0.5035, training loss:     0.6486, validation accuracy:     0.6096, validation loss:     0.6563
Epoch 137, training accuracy:     0.5029, training loss:     0.6485, validation accuracy:     0.6096, validation loss:     0.6564
Epoch 138, training accuracy:     0.5021, training loss:     0.6485, validation accuracy:     0.6095, validation loss:     0.6564
Epoch 139, training accuracy:     0.5020, training loss:     0.6485, validation accuracy:     0.6097, validation loss:     0.6563
Epoch 140, training accuracy:     0.5025, training loss:     0.6485, validation accuracy:     0.6094, validation loss:     0.6563
Epoch 141, training accuracy:     0.5028, training loss:     0.6484, validation accuracy:     0.6095, validation loss:     0.6564
Epoch 142, training accuracy:     0.5025, training loss:     0.6484, validation accuracy:     0.6094, validation loss:     0.6564
Epoch 143, training accuracy:     0.5041, training loss:     0.6484, validation accuracy:     0.6093, validation loss:     0.6564
Epoch 144, training accuracy:     0.5031, training loss:     0.6483, validation accuracy:     0.6095, validation loss:     0.6565
Epoch 145, training accuracy:     0.5025, training loss:     0.6483, validation accuracy:     0.6097, validation loss:     0.6564
Epoch 146, training accuracy:     0.5014, training loss:     0.6483, validation accuracy:     0.6097, validation loss:     0.6564
Epoch 147, training accuracy:     0.5039, training loss:     0.6482, validation accuracy:     0.6096, validation loss:     0.6564
Epoch 148, training accuracy:     0.5019, training loss:     0.6482, validation accuracy:     0.6096, validation loss:     0.6564
Epoch 149, training accuracy:     0.5023, training loss:     0.6482, validation accuracy:     0.6097, validation loss:     0.6565
Epoch 150, training accuracy:     0.5026, training loss:     0.6482, validation accuracy:     0.6094, validation loss:     0.6564
Epoch 151, training accuracy:     0.5024, training loss:     0.6481, validation accuracy:     0.6092, validation loss:     0.6566
Epoch 152, training accuracy:     0.5042, training loss:     0.6481, validation accuracy:     0.6096, validation loss:     0.6564
Epoch 153, training accuracy:     0.5034, training loss:     0.6481, validation accuracy:     0.6099, validation loss:     0.6564
Epoch 154, training accuracy:     0.5023, training loss:     0.6481, validation accuracy:     0.6094, validation loss:     0.6564
Epoch 155, training accuracy:     0.5030, training loss:     0.6480, validation accuracy:     0.6098, validation loss:     0.6564
Epoch 156, training accuracy:     0.5021, training loss:     0.6480, validation accuracy:     0.6095, validation loss:     0.6565
Epoch 157, training accuracy:     0.5035, training loss:     0.6480, validation accuracy:     0.6094, validation loss:     0.6566
Epoch 158, training accuracy:     0.5033, training loss:     0.6480, validation accuracy:     0.6096, validation loss:     0.6565
Epoch 159, training accuracy:     0.5038, training loss:     0.6480, validation accuracy:     0.6096, validation loss:     0.6565
Epoch 160, training accuracy:     0.5019, training loss:     0.6479, validation accuracy:     0.6099, validation loss:     0.6565
Epoch 161, training accuracy:     0.5034, training loss:     0.6479, validation accuracy:     0.6097, validation loss:     0.6565
Epoch 162, training accuracy:     0.5023, training loss:     0.6479, validation accuracy:     0.6098, validation loss:     0.6565
Epoch 163, training accuracy:     0.5018, training loss:     0.6479, validation accuracy:     0.6100, validation loss:     0.6567
Epoch 164, training accuracy:     0.5020, training loss:     0.6478, validation accuracy:     0.6095, validation loss:     0.6565
Epoch 165, training accuracy:     0.5026, training loss:     0.6478, validation accuracy:     0.6097, validation loss:     0.6566
Epoch 166, training accuracy:     0.5027, training loss:     0.6478, validation accuracy:     0.6097, validation loss:     0.6566
Epoch 167, training accuracy:     0.5024, training loss:     0.6478, validation accuracy:     0.6098, validation loss:     0.6566
Epoch 168, training accuracy:     0.5031, training loss:     0.6477, validation accuracy:     0.6098, validation loss:     0.6566
Epoch 169, training accuracy:     0.5026, training loss:     0.6477, validation accuracy:     0.6097, validation loss:     0.6566
Epoch 170, training accuracy:     0.5036, training loss:     0.6477, validation accuracy:     0.6093, validation loss:     0.6567
Epoch 171, training accuracy:     0.5009, training loss:     0.6477, validation accuracy:     0.6099, validation loss:     0.6567
Epoch 172, training accuracy:     0.5021, training loss:     0.6477, validation accuracy:     0.6098, validation loss:     0.6567
Epoch 173, training accuracy:     0.5018, training loss:     0.6476, validation accuracy:     0.6095, validation loss:     0.6567
Epoch 174, training accuracy:     0.5024, training loss:     0.6476, validation accuracy:     0.6097, validation loss:     0.6567
Epoch 175, training accuracy:     0.5038, training loss:     0.6476, validation accuracy:     0.6096, validation loss:     0.6566
Epoch 176, training accuracy:     0.5036, training loss:     0.6476, validation accuracy:     0.6096, validation loss:     0.6569
Epoch 177, training accuracy:     0.5024, training loss:     0.6475, validation accuracy:     0.6095, validation loss:     0.6566
Epoch 178, training accuracy:     0.5022, training loss:     0.6476, validation accuracy:     0.6094, validation loss:     0.6568
Epoch 179, training accuracy:     0.5022, training loss:     0.6475, validation accuracy:     0.6094, validation loss:     0.6566
Epoch 180, training accuracy:     0.5018, training loss:     0.6475, validation accuracy:     0.6100, validation loss:     0.6567
Epoch 181, training accuracy:     0.5033, training loss:     0.6474, validation accuracy:     0.6095, validation loss:     0.6567
Epoch 182, training accuracy:     0.5026, training loss:     0.6475, validation accuracy:     0.6097, validation loss:     0.6568
Epoch 183, training accuracy:     0.5026, training loss:     0.6475, validation accuracy:     0.6095, validation loss:     0.6567
Epoch 184, training accuracy:     0.5006, training loss:     0.6474, validation accuracy:     0.6097, validation loss:     0.6567
Epoch 185, training accuracy:     0.5031, training loss:     0.6474, validation accuracy:     0.6096, validation loss:     0.6568
Epoch 186, training accuracy:     0.5022, training loss:     0.6474, validation accuracy:     0.6094, validation loss:     0.6567
Epoch 187, training accuracy:     0.5037, training loss:     0.6473, validation accuracy:     0.6093, validation loss:     0.6568
Epoch 188, training accuracy:     0.5023, training loss:     0.6473, validation accuracy:     0.6095, validation loss:     0.6568
Epoch 189, training accuracy:     0.5029, training loss:     0.6473, validation accuracy:     0.6092, validation loss:     0.6568
Epoch 190, training accuracy:     0.5025, training loss:     0.6473, validation accuracy:     0.6096, validation loss:     0.6568
Epoch 191, training accuracy:     0.5025, training loss:     0.6473, validation accuracy:     0.6093, validation loss:     0.6568
Epoch 192, training accuracy:     0.5029, training loss:     0.6473, validation accuracy:     0.6095, validation loss:     0.6569
Epoch 193, training accuracy:     0.5026, training loss:     0.6472, validation accuracy:     0.6092, validation loss:     0.6569
Epoch 194, training accuracy:     0.5021, training loss:     0.6472, validation accuracy:     0.6096, validation loss:     0.6568
Epoch 195, training accuracy:     0.5022, training loss:     0.6472, validation accuracy:     0.6094, validation loss:     0.6569
Epoch 196, training accuracy:     0.5025, training loss:     0.6471, validation accuracy:     0.6098, validation loss:     0.6569
Epoch 197, training accuracy:     0.5038, training loss:     0.6472, validation accuracy:     0.6095, validation loss:     0.6569
Epoch 198, training accuracy:     0.5021, training loss:     0.6472, validation accuracy:     0.6095, validation loss:     0.6569
Epoch 199, training accuracy:     0.5027, training loss:     0.6471, validation accuracy:     0.6091, validation loss:     0.6570
Epoch 200, training accuracy:     0.5028, training loss:     0.6471, validation accuracy:     0.6096, validation loss:     0.6569
Epoch 201, training accuracy:     0.5017, training loss:     0.6471, validation accuracy:     0.6095, validation loss:     0.6569
Epoch 202, training accuracy:     0.5015, training loss:     0.6471, validation accuracy:     0.6096, validation loss:     0.6569
Epoch 203, training accuracy:     0.5038, training loss:     0.6471, validation accuracy:     0.6092, validation loss:     0.6569
Epoch 204, training accuracy:     0.5008, training loss:     0.6470, validation accuracy:     0.6094, validation loss:     0.6570
Epoch 205, training accuracy:     0.5023, training loss:     0.6470, validation accuracy:     0.6095, validation loss:     0.6569
Epoch 206, training accuracy:     0.5027, training loss:     0.6470, validation accuracy:     0.6094, validation loss:     0.6570
Epoch 207, training accuracy:     0.5017, training loss:     0.6471, validation accuracy:     0.6095, validation loss:     0.6571
Epoch 208, training accuracy:     0.5035, training loss:     0.6470, validation accuracy:     0.6089, validation loss:     0.6571
Epoch 209, training accuracy:     0.5024, training loss:     0.6470, validation accuracy:     0.6095, validation loss:     0.6570
Epoch 210, training accuracy:     0.5021, training loss:     0.6469, validation accuracy:     0.6093, validation loss:     0.6571
Epoch 211, training accuracy:     0.5026, training loss:     0.6469, validation accuracy:     0.6091, validation loss:     0.6570
Epoch 212, training accuracy:     0.5018, training loss:     0.6469, validation accuracy:     0.6092, validation loss:     0.6570
Epoch 213, training accuracy:     0.5019, training loss:     0.6469, validation accuracy:     0.6092, validation loss:     0.6570
Epoch 214, training accuracy:     0.5016, training loss:     0.6469, validation accuracy:     0.6093, validation loss:     0.6570
Epoch 215, training accuracy:     0.5023, training loss:     0.6468, validation accuracy:     0.6092, validation loss:     0.6570
Epoch 216, training accuracy:     0.5026, training loss:     0.6468, validation accuracy:     0.6093, validation loss:     0.6571
Epoch 217, training accuracy:     0.5030, training loss:     0.6468, validation accuracy:     0.6083, validation loss:     0.6572
Epoch 218, training accuracy:     0.5029, training loss:     0.6468, validation accuracy:     0.6092, validation loss:     0.6570
Epoch 219, training accuracy:     0.5033, training loss:     0.6468, validation accuracy:     0.6090, validation loss:     0.6571
Epoch 220, training accuracy:     0.5031, training loss:     0.6468, validation accuracy:     0.6087, validation loss:     0.6571
Epoch 221, training accuracy:     0.5019, training loss:     0.6468, validation accuracy:     0.6091, validation loss:     0.6571
Epoch 222, training accuracy:     0.5022, training loss:     0.6467, validation accuracy:     0.6090, validation loss:     0.6572
Epoch 223, training accuracy:     0.5023, training loss:     0.6467, validation accuracy:     0.6093, validation loss:     0.6572
Epoch 224, training accuracy:     0.5035, training loss:     0.6467, validation accuracy:     0.6092, validation loss:     0.6572
Epoch 225, training accuracy:     0.5023, training loss:     0.6467, validation accuracy:     0.6091, validation loss:     0.6572
Epoch 226, training accuracy:     0.5027, training loss:     0.6467, validation accuracy:     0.6090, validation loss:     0.6572
Epoch 227, training accuracy:     0.5020, training loss:     0.6466, validation accuracy:     0.6089, validation loss:     0.6572
Epoch 228, training accuracy:     0.5024, training loss:     0.6466, validation accuracy:     0.6083, validation loss:     0.6573
Epoch 229, training accuracy:     0.5020, training loss:     0.6467, validation accuracy:     0.6088, validation loss:     0.6572
Epoch 230, training accuracy:     0.5034, training loss:     0.6466, validation accuracy:     0.6095, validation loss:     0.6573
Epoch 231, training accuracy:     0.5032, training loss:     0.6466, validation accuracy:     0.6087, validation loss:     0.6572
Epoch 232, training accuracy:     0.5019, training loss:     0.6466, validation accuracy:     0.6086, validation loss:     0.6573
Epoch 233, training accuracy:     0.5020, training loss:     0.6467, validation accuracy:     0.6090, validation loss:     0.6573
Epoch 234, training accuracy:     0.5027, training loss:     0.6465, validation accuracy:     0.6083, validation loss:     0.6573
Epoch 235, training accuracy:     0.5018, training loss:     0.6466, validation accuracy:     0.6085, validation loss:     0.6574
Epoch 236, training accuracy:     0.5035, training loss:     0.6465, validation accuracy:     0.6084, validation loss:     0.6573
Epoch 237, training accuracy:     0.5011, training loss:     0.6465, validation accuracy:     0.6088, validation loss:     0.6572
Epoch 238, training accuracy:     0.5034, training loss:     0.6465, validation accuracy:     0.6088, validation loss:     0.6573
Epoch 239, training accuracy:     0.5017, training loss:     0.6465, validation accuracy:     0.6092, validation loss:     0.6575
Epoch 240, training accuracy:     0.5018, training loss:     0.6465, validation accuracy:     0.6084, validation loss:     0.6575
Epoch 241, training accuracy:     0.5027, training loss:     0.6464, validation accuracy:     0.6090, validation loss:     0.6574
Epoch 242, training accuracy:     0.5021, training loss:     0.6464, validation accuracy:     0.6089, validation loss:     0.6573
Epoch 243, training accuracy:     0.5022, training loss:     0.6464, validation accuracy:     0.6084, validation loss:     0.6573
Epoch 244, training accuracy:     0.5032, training loss:     0.6464, validation accuracy:     0.6091, validation loss:     0.6574
Epoch 245, training accuracy:     0.5026, training loss:     0.6464, validation accuracy:     0.6084, validation loss:     0.6575
Epoch 246, training accuracy:     0.5016, training loss:     0.6464, validation accuracy:     0.6093, validation loss:     0.6576
Epoch 247, training accuracy:     0.5027, training loss:     0.6464, validation accuracy:     0.6084, validation loss:     0.6574
Epoch 248, training accuracy:     0.5030, training loss:     0.6464, validation accuracy:     0.6086, validation loss:     0.6573
Epoch 249, training accuracy:     0.5026, training loss:     0.6463, validation accuracy:     0.6087, validation loss:     0.6574
Epoch 250, training accuracy:     0.5038, training loss:     0.6464, validation accuracy:     0.6083, validation loss:     0.6574
Epoch 251, training accuracy:     0.5022, training loss:     0.6464, validation accuracy:     0.6086, validation loss:     0.6574
Epoch 252, training accuracy:     0.5026, training loss:     0.6463, validation accuracy:     0.6084, validation loss:     0.6575
Epoch 253, training accuracy:     0.5030, training loss:     0.6463, validation accuracy:     0.6083, validation loss:     0.6575
Epoch 254, training accuracy:     0.5025, training loss:     0.6463, validation accuracy:     0.6087, validation loss:     0.6575
Epoch 255, training accuracy:     0.5039, training loss:     0.6463, validation accuracy:     0.6088, validation loss:     0.6575
Epoch 256, training accuracy:     0.5030, training loss:     0.6462, validation accuracy:     0.6086, validation loss:     0.6576
Epoch 257, training accuracy:     0.5014, training loss:     0.6462, validation accuracy:     0.6085, validation loss:     0.6575
Epoch 258, training accuracy:     0.5025, training loss:     0.6463, validation accuracy:     0.6085, validation loss:     0.6576
Epoch 259, training accuracy:     0.5033, training loss:     0.6463, validation accuracy:     0.6087, validation loss:     0.6575
Epoch 260, training accuracy:     0.5029, training loss:     0.6462, validation accuracy:     0.6085, validation loss:     0.6575
Epoch 261, training accuracy:     0.5021, training loss:     0.6462, validation accuracy:     0.6086, validation loss:     0.6576
Epoch 262, training accuracy:     0.5035, training loss:     0.6462, validation accuracy:     0.6084, validation loss:     0.6577
Epoch 263, training accuracy:     0.5030, training loss:     0.6462, validation accuracy:     0.6089, validation loss:     0.6577
Epoch 264, training accuracy:     0.5016, training loss:     0.6462, validation accuracy:     0.6089, validation loss:     0.6577
Epoch 265, training accuracy:     0.5023, training loss:     0.6462, validation accuracy:     0.6085, validation loss:     0.6576
Epoch 266, training accuracy:     0.5027, training loss:     0.6462, validation accuracy:     0.6084, validation loss:     0.6576
Epoch 267, training accuracy:     0.5014, training loss:     0.6462, validation accuracy:     0.6089, validation loss:     0.6576
Epoch 268, training accuracy:     0.5012, training loss:     0.6461, validation accuracy:     0.6080, validation loss:     0.6576
Epoch 269, training accuracy:     0.5036, training loss:     0.6461, validation accuracy:     0.6083, validation loss:     0.6576
Epoch 270, training accuracy:     0.5022, training loss:     0.6461, validation accuracy:     0.6083, validation loss:     0.6576
Epoch 271, training accuracy:     0.5018, training loss:     0.6461, validation accuracy:     0.6081, validation loss:     0.6576
Epoch 272, training accuracy:     0.5023, training loss:     0.6461, validation accuracy:     0.6085, validation loss:     0.6576
Epoch 273, training accuracy:     0.5029, training loss:     0.6461, validation accuracy:     0.6081, validation loss:     0.6577
Epoch 274, training accuracy:     0.5015, training loss:     0.6461, validation accuracy:     0.6087, validation loss:     0.6580
Epoch 275, training accuracy:     0.5023, training loss:     0.6461, validation accuracy:     0.6090, validation loss:     0.6577
Epoch 276, training accuracy:     0.5018, training loss:     0.6460, validation accuracy:     0.6086, validation loss:     0.6577
Epoch 277, training accuracy:     0.5026, training loss:     0.6460, validation accuracy:     0.6085, validation loss:     0.6577
Epoch 278, training accuracy:     0.5021, training loss:     0.6460, validation accuracy:     0.6079, validation loss:     0.6577
Epoch 279, training accuracy:     0.5034, training loss:     0.6460, validation accuracy:     0.6087, validation loss:     0.6577
Epoch 280, training accuracy:     0.5017, training loss:     0.6460, validation accuracy:     0.6084, validation loss:     0.6577
Epoch 281, training accuracy:     0.5004, training loss:     0.6460, validation accuracy:     0.6081, validation loss:     0.6577
Epoch 282, training accuracy:     0.5020, training loss:     0.6459, validation accuracy:     0.6084, validation loss:     0.6580
Epoch 283, training accuracy:     0.5033, training loss:     0.6460, validation accuracy:     0.6082, validation loss:     0.6578
Epoch 284, training accuracy:     0.5026, training loss:     0.6459, validation accuracy:     0.6085, validation loss:     0.6578
Epoch 285, training accuracy:     0.5020, training loss:     0.6459, validation accuracy:     0.6083, validation loss:     0.6577
Epoch 286, training accuracy:     0.5025, training loss:     0.6459, validation accuracy:     0.6083, validation loss:     0.6578
Epoch 287, training accuracy:     0.5009, training loss:     0.6459, validation accuracy:     0.6083, validation loss:     0.6579
Epoch 288, training accuracy:     0.5020, training loss:     0.6459, validation accuracy:     0.6083, validation loss:     0.6578
Epoch 289, training accuracy:     0.5022, training loss:     0.6459, validation accuracy:     0.6083, validation loss:     0.6578
Epoch 290, training accuracy:     0.5021, training loss:     0.6459, validation accuracy:     0.6086, validation loss:     0.6578
Epoch 291, training accuracy:     0.5033, training loss:     0.6459, validation accuracy:     0.6080, validation loss:     0.6579
Epoch 292, training accuracy:     0.5012, training loss:     0.6458, validation accuracy:     0.6086, validation loss:     0.6579
Epoch 293, training accuracy:     0.5023, training loss:     0.6459, validation accuracy:     0.6086, validation loss:     0.6579
Epoch 294, training accuracy:     0.5010, training loss:     0.6458, validation accuracy:     0.6084, validation loss:     0.6578
Epoch 295, training accuracy:     0.5022, training loss:     0.6458, validation accuracy:     0.6079, validation loss:     0.6578
Epoch 296, training accuracy:     0.5032, training loss:     0.6458, validation accuracy:     0.6082, validation loss:     0.6578
Epoch 297, training accuracy:     0.5037, training loss:     0.6459, validation accuracy:     0.6086, validation loss:     0.6579
Epoch 298, training accuracy:     0.5023, training loss:     0.6458, validation accuracy:     0.6085, validation loss:     0.6578
Epoch 299, training accuracy:     0.5022, training loss:     0.6458, validation accuracy:     0.6077, validation loss:     0.6580
Evaluate the best model on test set...
Test accuracy:     0.6093, test loss     0.6565
Saving model
Draw loss diagram and accuracy diagram.
